<?xml version="1.0" encoding="UTF-8"?>
<!-- Generated by org.testng.reporters.JUnitXMLReporter -->
<testsuite hostname="Rajesh" ignored="0" name="Default test" tests="5" failures="0" timestamp="18 Apr 2018 17:32:27 GMT" time="22.249" errors="0">
  <testcase name="verifyAddCountry" time="21.542" classname="testscripts.TC_001"/>
  <testcase name="verifyAddCountry" time="0.239" classname="testscripts.TC_001"/>
  <testcase name="verifyDeleteCountry" time="0.003" classname="testscripts.TC_001"/>
  <testcase name="verifyUpdateCountry" time="0.003" classname="testscripts.TC_001"/>
  <testcase name="verifyGetCountries" time="0.17" classname="testscripts.TC_001"/>
</testsuite> <!-- Default test -->
